<?xml version="1.0" encoding="UTF-8"?>
<testsuite name="Title of your feature" tests="1" skipped="0" failures="0" errors="0" timestamp="2019-05-21T14:30:08" hostname="SBMEDLAPTIGOEL3" time="73.057">
  <properties/>
  <testcase name="I win cripto money" classname="Title of your feature" time="73.057"/>
  <system-out><![CDATA[]]></system-out>
  <system-err><![CDATA[Starting ChromeDriver 2.42.591088 (7b2b2dca23cca0862f674758c9a3933e685c27d5) on port 29397
Only local connections are allowed.
may 21, 2019 9:30:12 AM org.openqa.selenium.remote.ProtocolHandshake createSession
INFORMACIÓN: Detected dialect: OSS
[Test worker] INFO net.thucydides.core.steps.ConsoleLoggingListener - 
        __    _____ _____ ____ _____   ____   _    ____  ____  _____ ____  
  _     \ \  |_   _| ____/ ___|_   _| |  _ \ / \  / ___|/ ___|| ____|  _ \ 
 (_)_____| |   | | |  _| \___ \ | |   | |_) / _ \ \___ \\___ \|  _| | | | |
  _|_____| |   | | | |___ ___) || |   |  __/ ___ \ ___) |___) | |___| |_| |
 (_)     | |   |_| |_____|____/ |_|   |_| /_/   \_\____/|____/|_____|____/ 
        /_/                                                                

TEST PASSED: I win cripto money
----------------------------------------------------------------------------
]]></system-err>
</testsuite>
